<?xml version="1.0" encoding="UTF-8"?>
<!-- Generated by org.testng.reporters.JUnitXMLReporter -->
<testsuite hostname="dell-pc" name="TestChrome" tests="1" failures="1" timestamp="5 Jul 2017 19:17:48 GMT" time="6.776" errors="0">
  <testcase name="testWBT" time="0.752" classname="testing.WBT_testing">
    <failure type="java.lang.AssertionError" message="null">
      <![CDATA[java.lang.AssertionError: null
	at testing.WBT_testing.testWBT(WBT_testing.java:23)
... Removed 26 stack frames]]>
    </failure>
  </testcase> <!-- testWBT -->
</testsuite> <!-- TestChrome -->
